[www.erensibot.com/index.html]
[backblue.gif]
[fade.gif]
[index.html]
[www.erensibot.com/css/style.css]
[www.erensibot.com/js/modernizr.custom.js]
[pagead2.googlesyndication.com/pagead/js/f.txt]
[www.erensibot.com/font.ttf]
[external.html]
[www.erensibot.com/destek]
[www.erensibot.com/js/jquery.min.js]
[www.erensibot.com/js/jquery.easings.min.js]
[www.erensibot.com/js/bootstrap.min.js]
[www.erensibot.com/js/jquery.countdown.js]
[www.erensibot.com/js/jquery.fullPage.js]
[www.erensibot.com/js/constellation.js]
[www.erensibot.com/js/contact-me.js]
[www.erensibot.com/js/classie.js]
[www.erensibot.com/js/dialogFx.js]
[www.erensibot.com/js/notifyMe.js]
[www.erensibot.com/js/jquery.detect_swipe.min.js]
[www.erensibot.com/js/featherlight.js]
[www.erensibot.com/js/featherlight.gallery.js]
[www.erensibot.com/js/main.js]
[www.erensibot.com/index.html]
[cdn.discordapp.com/avatars/689766089567109158/810db71058db7c0062fc1f3b5201b6275168.html]
[cdn.discordapp.com/avatars/689766089567109158/810db71058db7c0062fc1f3b5201b627.html]
[www.erensibot.com/css/fontawesome-all.min.css]
[www.erensibot.com/css/ionicons.min.css]
[www.erensibot.com/css/bootstrap.min.css]
[www.erensibot.com/css/vegas.css]
[www.erensibot.com/css/jquery.fullPage.css]
[www.erensibot.com/css/featherlight.css]
[www.erensibot.com/css/featherlight.gallery.css]
[www.erensibot.com/img/background-newsletter.jpg]
[www.erensibot.com/img/constellation.jpg]
[www.erensibot.com/css/style.css]
[www.erensibot.com/js/modernizr.custom.js]
[www.erensibot.com/destek/index.html]
[www.erensibot.com/js/jquery.min.js]
[www.erensibot.com/js/jquery.easings.min.js]
[www.erensibot.com/popper.js]
[www.erensibot.com/js/bootstrap.min.js]
[www.erensibot.com/js/jquery.countdown.js]
[www.erensibot.com/js/jquery.fullPage.js]
[www.erensibot.com/js/constellation.js]
[www.erensibot.com/js/contact-me.js]
[www.erensibot.com/js/classie.js]
[www.erensibot.com/js/dialogFx.js]
[www.erensibot.com/js/notifyMe.js]
[www.erensibot.com/js/jquery.detect_swipe.min.js]
[www.erensibot.com/js/featherlight.js]
[www.erensibot.com/js/featherlight.gallery.js]
[www.erensibot.com/js/main.js]
[www.erensibot.com/webfonts/fa-brands-400.eot]
[www.erensibot.com/webfonts/fa-brands-400d41d.eot]
[www.erensibot.com/webfonts/fa-brands-400.woff2]
[www.erensibot.com/webfonts/fa-brands-400.woff]
[www.erensibot.com/webfonts/fa-brands-400.ttf]
[www.erensibot.com/webfonts/fa-regular-400.eot]
[www.erensibot.com/webfonts/fa-brands-400.svg]
[www.erensibot.com/webfonts/fa-regular-400d41d.eot]
[www.erensibot.com/webfonts/fa-regular-400.woff2]
[www.erensibot.com/webfonts/fa-regular-400.woff]
[www.erensibot.com/webfonts/fa-regular-400.ttf]
[www.erensibot.com/webfonts/fa-regular-400.svg]
[www.erensibot.com/webfonts/fa-solid-900.eot]
[www.erensibot.com/webfonts/fa-solid-900d41d.eot]
[www.erensibot.com/webfonts/fa-solid-900.woff2]
[www.erensibot.com/webfonts/fa-solid-900.woff]
[www.erensibot.com/webfonts/fa-solid-900.ttf]
[www.erensibot.com/css/fontawesome-all.min.css]
[www.erensibot.com/webfonts/ionicons790f.eot]
[www.erensibot.com/webfonts/fa-solid-900.svg]
[www.erensibot.com/webfonts/ionicons790f.ttf]
[www.erensibot.com/webfonts/ionicons790f.woff]
[www.erensibot.com/css/ionicons.min.css]
[www.erensibot.com/css/bootstrap.min.css]
[www.erensibot.com/css/vegas.css]
[www.erensibot.com/css/jquery.fullPage.css]
[www.erensibot.com/css/featherlight.css]
[www.erensibot.com/css/featherlight.gallery.css]
[www.erensibot.com/popper.html]
[www.erensibot.com/php/contact-me.html]
[www.erensibot.com/webfonts/ionicons790f.svg]
[www.erensibot.com/css/animate.css]
[www.erensibot.com/webfonts/fa-brands-400.svg]
[www.erensibot.com/webfonts/fa-regular-400.svg]
[www.erensibot.com/webfonts/fa-solid-900.svg]
[www.erensibot.com/webfonts/ionicons790f.svg]
[www.erensibot.com/css/animate.css]
